# JRE version: Java(TM) SE Runtime Environment (17.0.6+9) (build 17.0.6+9-LTS-190)
# Java VM: Java HotSpot(TM) 64-Bit Server VM (17.0.6+9-LTS-190, mixed mode, sharing, tiered, compressed oops, compressed class ptrs, g1 gc, windows-amd64)
GC Precious Log:
 CPUs: 16 total, 16 available
 Memory: 15769M
 Large Page Support: Disabled
 NUMA Support: Disabled
 Compressed Oops: Enabled (Zero based)
 Heap Region Size: 2M
 Heap Min Capacity: 8M
 Heap Initial Capacity: 248M
 Heap Max Capacity: 3944M
 Pre-touch: Disabled
 Parallel Workers: 13
 Concurrent Workers: 3
 Concurrent Refinement Workers: 13
 Periodic GC: Disabled
Heap:
 garbage-first heap   total 253952K, used 86886K [0x0000000709800000, 0x0000000800000000)
  region size 2048K, 28 young (57344K), 4 survivors (8192K)
 Metaspace       used 12447K, committed 12672K, reserved 1064960K
  class space    used 1067K, committed 1216K, reserved 1048576K
GC Heap History (20 events):
Event: 18.911 GC heap before
{Heap before GC invocations=1 (full 0):
 garbage-first heap   total 253952K, used 103980K [0x0000000709800000, 0x0000000800000000)
  region size 2048K, 18 young (36864K), 2 survivors (4096K)
 Metaspace       used 8692K, committed 8832K, reserved 1064960K
  class space    used 692K, committed 768K, reserved 1048576K
}
Event: 18.917 GC heap after
{Heap after GC invocations=2 (full 0):
 garbage-first heap   total 253952K, used 4612K [0x0000000709800000, 0x0000000800000000)
  region size 2048K, 1 young (2048K), 1 survivors (2048K)
 Metaspace       used 8692K, committed 8832K, reserved 1064960K
  class space    used 692K, committed 768K, reserved 1048576K
}
Event: 36.944 GC heap before
{Heap before GC invocations=2 (full 0):
 garbage-first heap   total 253952K, used 154116K [0x0000000709800000, 0x0000000800000000)
  region size 2048K, 74 young (151552K), 1 survivors (2048K)
 Metaspace       used 8709K, committed 8832K, reserved 1064960K
  class space    used 693K, committed 768K, reserved 1048576K
}
Event: 36.946 GC heap after
{Heap after GC invocations=3 (full 0):
 garbage-first heap   total 253952K, used 5377K [0x0000000709800000, 0x0000000800000000)
  region size 2048K, 2 young (4096K), 2 survivors (4096K)
 Metaspace       used 8709K, committed 8832K, reserved 1064960K
  class space    used 693K, committed 768K, reserved 1048576K
}
Event: 55.368 GC heap before
{Heap before GC invocations=3 (full 0):
 garbage-first heap   total 253952K, used 232705K [0x0000000709800000, 0x0000000800000000)
  region size 2048K, 63 young (129024K), 2 survivors (4096K)
 Metaspace       used 9152K, committed 9344K, reserved 1064960K
  class space    used 737K, committed 832K, reserved 1048576K
}
Event: 55.373 GC heap after
{Heap after GC invocations=4 (full 0):
 garbage-first heap   total 253952K, used 13594K [0x0000000709800000, 0x0000000800000000)
  region size 2048K, 4 young (8192K), 4 survivors (8192K)
 Metaspace       used 9152K, committed 9344K, reserved 1064960K
  class space    used 737K, committed 832K, reserved 1048576K
}
Event: 57.685 GC heap before
{Heap before GC invocations=4 (full 0):
 garbage-first heap   total 253952K, used 167194K [0x0000000709800000, 0x0000000800000000)
  region size 2048K, 29 young (59392K), 4 survivors (8192K)
 Metaspace       used 10229K, committed 10368K, reserved 1064960K
  class space    used 851K, committed 896K, reserved 1048576K
}
Event: 57.689 GC heap after
{Heap after GC invocations=5 (full 0):
 garbage-first heap   total 253952K, used 10234K [0x0000000709800000, 0x0000000800000000)
  region size 2048K, 4 young (8192K), 4 survivors (8192K)
 Metaspace       used 10229K, committed 10368K, reserved 1064960K
  class space    used 851K, committed 896K, reserved 1048576K
}
Event: 143.799 GC heap before
{Heap before GC invocations=5 (full 0):
 garbage-first heap   total 253952K, used 217082K [0x0000000709800000, 0x0000000800000000)
  region size 2048K, 55 young (112640K), 4 survivors (8192K)
 Metaspace       used 12028K, committed 12224K, reserved 1064960K
  class space    used 1053K, committed 1152K, reserved 1048576K
}
Event: 143.803 GC heap after
{Heap after GC invocations=6 (full 0):
 garbage-first heap   total 253952K, used 16712K [0x0000000709800000, 0x0000000800000000)
  region size 2048K, 4 young (8192K), 4 survivors (8192K)
 Metaspace       used 12028K, committed 12224K, reserved 1064960K
  class space    used 1053K, committed 1152K, reserved 1048576K
}
Event: 144.550 GC heap before
{Heap before GC invocations=6 (full 0):
 garbage-first heap   total 253952K, used 129352K [0x0000000709800000, 0x0000000800000000)
  region size 2048K, 10 young (20480K), 4 survivors (8192K)
 Metaspace       used 12033K, committed 12224K, reserved 1064960K
  class space    used 1053K, committed 1152K, reserved 1048576K
}
Event: 144.554 GC heap after
{Heap after GC invocations=7 (full 0):
 garbage-first heap   total 253952K, used 12527K [0x0000000709800000, 0x0000000800000000)
  region size 2048K, 4 young (8192K), 4 survivors (8192K)
 Metaspace       used 12033K, committed 12224K, reserved 1064960K
  class space    used 1053K, committed 1152K, reserved 1048576K
}
Event: 178.111 GC heap before
{Heap before GC invocations=7 (full 0):
 garbage-first heap   total 253952K, used 202991K [0x0000000709800000, 0x0000000800000000)
  region size 2048K, 46 young (94208K), 4 survivors (8192K)
 Metaspace       used 12161K, committed 12352K, reserved 1064960K
  class space    used 1057K, committed 1152K, reserved 1048576K
}
Event: 178.119 GC heap after
{Heap after GC invocations=8 (full 0):
 garbage-first heap   total 253952K, used 8235K [0x0000000709800000, 0x0000000800000000)
  region size 2048K, 3 young (6144K), 3 survivors (6144K)
 Metaspace       used 12161K, committed 12352K, reserved 1064960K
  class space    used 1057K, committed 1152K, reserved 1048576K
}
Event: 190.390 GC heap before
{Heap before GC invocations=8 (full 0):
 garbage-first heap   total 253952K, used 167979K [0x0000000709800000, 0x0000000800000000)
  region size 2048K, 30 young (61440K), 3 survivors (6144K)
 Metaspace       used 12277K, committed 12544K, reserved 1064960K
  class space    used 1064K, committed 1216K, reserved 1048576K
}
Event: 190.395 GC heap after
{Heap after GC invocations=9 (full 0):
 garbage-first heap   total 253952K, used 14848K [0x0000000709800000, 0x0000000800000000)
  region size 2048K, 4 young (8192K), 4 survivors (8192K)
 Metaspace       used 12277K, committed 12544K, reserved 1064960K
  class space    used 1064K, committed 1216K, reserved 1048576K
}
Event: 191.145 GC heap before
{Heap before GC invocations=9 (full 0):
 garbage-first heap   total 253952K, used 127488K [0x0000000709800000, 0x0000000800000000)
  region size 2048K, 9 young (18432K), 4 survivors (8192K)
 Metaspace       used 12279K, committed 12544K, reserved 1064960K
  class space    used 1064K, committed 1216K, reserved 1048576K
}
Event: 191.150 GC heap after
{Heap after GC invocations=10 (full 0):
 garbage-first heap   total 253952K, used 16928K [0x0000000709800000, 0x0000000800000000)
  region size 2048K, 4 young (8192K), 4 survivors (8192K)
 Metaspace       used 12279K, committed 12544K, reserved 1064960K
  class space    used 1064K, committed 1216K, reserved 1048576K
}
Event: 193.441 GC heap before
{Heap before GC invocations=10 (full 0):
 garbage-first heap   total 253952K, used 188960K [0x0000000709800000, 0x0000000800000000)
  region size 2048K, 39 young (79872K), 4 survivors (8192K)
 Metaspace       used 12319K, committed 12608K, reserved 1064960K
  class space    used 1064K, committed 1216K, reserved 1048576K
}
Event: 193.446 GC heap after
{Heap after GC invocations=11 (full 0):
 garbage-first heap   total 253952K, used 15206K [0x0000000709800000, 0x0000000800000000)
  region size 2048K, 4 young (8192K), 4 survivors (8192K)
 Metaspace       used 12319K, committed 12608K, reserved 1064960K
  class space    used 1064K, committed 1216K, reserved 1048576K
}

