# JRE version: OpenJDK Runtime Environment (17.0.2+8) (build 17.0.2+8-86)
# Java VM: OpenJDK 64-Bit Server VM (17.0.2+8-86, mixed mode, sharing, tiered, compressed oops, compressed class ptrs, g1 gc, windows-amd64)
GC Precious Log:
 CPUs: 8 total, 8 available
 Memory: 16151M
 Large Page Support: Disabled
 NUMA Support: Disabled
 Compressed Oops: Enabled (Zero based)
 Heap Region Size: 2M
 Heap Min Capacity: 8M
 Heap Initial Capacity: 254M
 Heap Max Capacity: 4038M
 Pre-touch: Disabled
 Parallel Workers: 8
 Concurrent Workers: 2
 Concurrent Refinement Workers: 8
 Periodic GC: Disabled
Heap:
 garbage-first heap   total 260096K, used 117784K [0x0000000703a00000, 0x0000000800000000)
  region size 2048K, 26 young (53248K), 2 survivors (4096K)
 Metaspace       used 11259K, committed 11456K, reserved 1064960K
  class space    used 976K, committed 1088K, reserved 1048576K
GC Heap History (8 events):
Event: 1.691 GC heap before
{Heap before GC invocations=0 (full 0):
 garbage-first heap   total 260096K, used 26624K [0x0000000703a00000, 0x0000000800000000)
  region size 2048K, 11 young (22528K), 0 survivors (0K)
 Metaspace       used 6734K, committed 6976K, reserved 1064960K
  class space    used 537K, committed 640K, reserved 1048576K
}
Event: 1.694 GC heap after
{Heap after GC invocations=1 (full 0):
 garbage-first heap   total 260096K, used 3654K [0x0000000703a00000, 0x0000000800000000)
  region size 2048K, 2 young (4096K), 2 survivors (4096K)
 Metaspace       used 6734K, committed 6976K, reserved 1064960K
  class space    used 537K, committed 640K, reserved 1048576K
}
Event: 11.822 GC heap before
{Heap before GC invocations=1 (full 0):
 garbage-first heap   total 260096K, used 97862K [0x0000000703a00000, 0x0000000800000000)
  region size 2048K, 16 young (32768K), 2 survivors (4096K)
 Metaspace       used 8498K, committed 8640K, reserved 1064960K
  class space    used 688K, committed 768K, reserved 1048576K
}
Event: 11.825 GC heap after
{Heap after GC invocations=2 (full 0):
 garbage-first heap   total 260096K, used 4476K [0x0000000703a00000, 0x0000000800000000)
  region size 2048K, 1 young (2048K), 1 survivors (2048K)
 Metaspace       used 8498K, committed 8640K, reserved 1064960K
  class space    used 688K, committed 768K, reserved 1048576K
}
Event: 45.927 GC heap before
{Heap before GC invocations=2 (full 0):
 garbage-first heap   total 260096K, used 98684K [0x0000000703a00000, 0x0000000800000000)
  region size 2048K, 18 young (36864K), 1 survivors (2048K)
 Metaspace       used 10743K, committed 10944K, reserved 1064960K
  class space    used 949K, committed 1024K, reserved 1048576K
}
Event: 45.930 GC heap after
{Heap after GC invocations=3 (full 0):
 garbage-first heap   total 260096K, used 7506K [0x0000000703a00000, 0x0000000800000000)
  region size 2048K, 3 young (6144K), 3 survivors (6144K)
 Metaspace       used 10743K, committed 10944K, reserved 1064960K
  class space    used 949K, committed 1024K, reserved 1048576K
}
Event: 49.534 GC heap before
{Heap before GC invocations=3 (full 0):
 garbage-first heap   total 260096K, used 79186K [0x0000000703a00000, 0x0000000800000000)
  region size 2048K, 6 young (12288K), 3 survivors (6144K)
 Metaspace       used 10770K, committed 10944K, reserved 1064960K
  class space    used 949K, committed 1024K, reserved 1048576K
}
Event: 49.535 GC heap after
{Heap after GC invocations=4 (full 0):
 garbage-first heap   total 260096K, used 7192K [0x0000000703a00000, 0x0000000800000000)
  region size 2048K, 2 young (4096K), 2 survivors (4096K)
 Metaspace       used 10770K, committed 10944K, reserved 1064960K
  class space    used 949K, committed 1024K, reserved 1048576K
}

